<?xml version="1.0" encoding="UTF-8"?>
<testng-results ignored="0" total="1" passed="1" failed="0" skipped="0">
  <reporter-output>
  </reporter-output>
  <suite started-at="2024-05-17T16:20:53 IST" name="Default suite" finished-at="2024-05-17T16:20:53 IST" duration-ms="173">
    <groups>
    </groups>
    <test started-at="2024-05-17T16:20:53 IST" name="Default test" finished-at="2024-05-17T16:20:53 IST" duration-ms="173">
      <class name="pack2.OrgTest">
        <test-method signature="createOrgTest()[pri:0, instance:pack2.OrgTest@7db12bb6]" started-at="2024-05-17T16:20:53 IST" name="createOrgTest" finished-at="2024-05-17T16:20:53 IST" duration-ms="18" status="PASS">
          <reporter-output>
          </reporter-output>
        </test-method> <!-- createOrgTest -->
      </class> <!-- pack2.OrgTest -->
    </test> <!-- Default test -->
  </suite> <!-- Default suite -->
</testng-results>
